::1 - - [24/Jan/2026 20:04:02] "GET /nominees.html HTTP/1.1" 200 -
::1 - - [24/Jan/2026 20:08:12] "GET /nominees.html?id=c27d1dd0-a7aa-4e23-a8d9-eb9ce813598f&vscodeBrowserReqId=1769265492042 HTTP/1.1" 200 -
::1 - - [24/Jan/2026 20:08:12] "GET /css/output.css HTTP/1.1" 304 -
::1 - - [24/Jan/2026 20:08:12] "GET /css/global-hover-system.css HTTP/1.1" 304 -
::1 - - [24/Jan/2026 20:08:12] "GET /css/utilities.css HTTP/1.1" 304 -
::1 - - [24/Jan/2026 20:08:12] "GET /css/final-polish.css HTTP/1.1" 304 -
::1 - - [24/Jan/2026 20:08:12] "GET /css/premium-interactions.css HTTP/1.1" 304 -
::1 - - [24/Jan/2026 20:08:12] "GET /css/micro-details.css HTTP/1.1" 304 -
::1 - - [24/Jan/2026 20:08:12] "GET /css/typography-hierarchy.css HTTP/1.1" 304 -
::1 - - [24/Jan/2026 20:08:12] "GET /images/hungama-logo.png HTTP/1.1" 304 -
::1 - - [24/Jan/2026 20:08:12] "GET /images/nominees/the_last_prompt.jpg HTTP/1.1" 304 -
::1 - - [24/Jan/2026 20:08:12] "GET /images/nominees/synthetic_dawn.jpg HTTP/1.1" 304 -
::1 - - [24/Jan/2026 20:08:12] "GET /images/nominees/echoes_of_tomorrow.jpg HTTP/1.1" 304 -
::1 - - [24/Jan/2026 20:08:12] "GET /js/production-parallax.js HTTP/1.1" 304 -
::1 - - [24/Jan/2026 20:08:12] "GET /js/mobile-drawer-nav.js HTTP/1.1" 200 -
::1 - - [24/Jan/2026 20:08:12] "GET /images/nominees/ghosts_in_the_model.jpg HTTP/1.1" 304 -
::1 - - [24/Jan/2026 20:08:12] "GET /images/nominees/rendered_silence.jpg HTTP/1.1" 304 -
::1 - - [24/Jan/2026 20:08:12] "GET /images/nominees/fragments_of_code.jpg HTTP/1.1" 304 -
::1 - - [24/Jan/2026 20:08:12] "GET /images/nominees/after_the_algorithm.jpg HTTP/1.1" 304 -
::1 - - [24/Jan/2026 20:08:12] "GET /images/nominees/a_quiet_decision.jpg HTTP/1.1" 304 -
::1 - - [24/Jan/2026 20:08:12] "GET /images/nominees/seven_minutes.jpg HTTP/1.1" 304 -
::1 - - [24/Jan/2026 20:08:12] "GET /images/nominees/the_weight_of_yes.jpg HTTP/1.1" 304 -
::1 - - [24/Jan/2026 20:08:12] "GET /images/nominees/before_the_call.jpg HTTP/1.1" 304 -
::1 - - [24/Jan/2026 20:08:12] "GET /images/nominees/still_standing.jpg HTTP/1.1" 304 -
::1 - - [24/Jan/2026 20:08:12] "GET /images/nominees/the_last_room.jpg HTTP/1.1" 304 -
::1 - - [24/Jan/2026 20:08:12] "GET /images/nominees/between_words.jpg HTTP/1.1" 304 -
::1 - - [24/Jan/2026 20:08:12] "GET /images/nominees/built_for_tomorrow.jpg HTTP/1.1" 304 -
::1 - - [24/Jan/2026 20:08:12] "GET /images/nominees/beyond_utility.jpg HTTP/1.1" 304 -
::1 - - [24/Jan/2026 20:08:12] "GET /images/nominees/human_touch.jpg HTTP/1.1" 304 -
::1 - - [24/Jan/2026 20:08:12] "GET /images/nominees/designed_to_last.jpg HTTP/1.1" 304 -
::1 - - [24/Jan/2026 20:08:12] "GET /images/nominees/the_first_step.jpg HTTP/1.1" 304 -
::1 - - [24/Jan/2026 20:08:12] "GET /images/nominees/momentum.jpg HTTP/1.1" 304 -
::1 - - [24/Jan/2026 20:08:12] "GET /images/nominees/what_we_choose.jpg HTTP/1.1" 304 -
::1 - - [24/Jan/2026 20:08:12] "GET /images/nominees/neon_pulse.jpg HTTP/1.1" 304 -
::1 - - [24/Jan/2026 20:08:12] "GET /images/nominees/digital_fever.jpg HTTP/1.1" 304 -
::1 - - [24/Jan/2026 20:08:12] "GET /images/nominees-bg.jpg HTTP/1.1" 200 -
::1 - - [24/Jan/2026 20:08:12] "GET /images/nominees/echo_bass.jpg HTTP/1.1" 304 -
::1 - - [24/Jan/2026 20:08:12] "GET /images/nominees/synthetic_groove.jpg HTTP/1.1" 304 -
::1 - - [24/Jan/2026 20:08:12] "GET /images/nominees/after_the_beat.jpg HTTP/1.1" 304 -
::1 - - [24/Jan/2026 20:08:12] "GET /images/nominees/frequency_dreams.jpg HTTP/1.1" 304 -
::1 - - [24/Jan/2026 20:08:12] "GET /js/emergency-override.js HTTP/1.1" 304 -
::1 - - [24/Jan/2026 20:08:12] "GET /images/nominees/chromatic_noise.jpg HTTP/1.1" 304 -
::1 - - [24/Jan/2026 20:09:14] "GET /nominees.html?asfvasbafbab HTTP/1.1" 200 -
::1 - - [24/Jan/2026 20:09:14] "GET /css/grain-disable.css HTTP/1.1" 200 -
::1 - - [24/Jan/2026 20:09:14] "GET /css/scroll-transitions.css HTTP/1.1" 200 -
::1 - - [24/Jan/2026 20:09:14] "GET /css/path-fallback.css HTTP/1.1" 200 -
::1 - - [24/Jan/2026 20:09:14] "GET /css/design-tokens.css HTTP/1.1" 200 -
::1 - - [24/Jan/2026 20:09:14] "GET /css/premium-interactions.css HTTP/1.1" 200 -
::1 - - [24/Jan/2026 20:09:14] "GET /css/output.css HTTP/1.1" 200 -
::1 - - [24/Jan/2026 20:09:14] "GET /css/animations.css HTTP/1.1" 200 -
::1 - - [24/Jan/2026 20:09:14] "GET /css/utilities.css HTTP/1.1" 200 -
::1 - - [24/Jan/2026 20:09:14] "GET /css/global-hover-system.css HTTP/1.1" 200 -
::1 - - [24/Jan/2026 20:09:14] "GET /css/micro-details.css HTTP/1.1" 200 -
::1 - - [24/Jan/2026 20:09:14] "GET /css/final-polish.css HTTP/1.1" 200 -
::1 - - [24/Jan/2026 20:09:14] "GET /css/responsiveness.css HTTP/1.1" 200 -
::1 - - [24/Jan/2026 20:09:14] "GET /css/cta-system.css HTTP/1.1" 200 -
::1 - - [24/Jan/2026 20:09:14] "GET /css/typography-hierarchy.css HTTP/1.1" 200 -
::1 - - [24/Jan/2026 20:09:14] "GET /css/modal-system.css HTTP/1.1" 200 -
::1 - - [24/Jan/2026 20:09:14] "GET /css/global-brightness.css HTTP/1.1" 200 -
::1 - - [24/Jan/2026 20:09:14] "GET /js/production-scroll.js HTTP/1.1" 200 -
::1 - - [24/Jan/2026 20:09:14] "GET /images/hungama-logo.png HTTP/1.1" 200 -
::1 - - [24/Jan/2026 20:09:14] "GET /images/nominees/echoes_of_tomorrow.jpg HTTP/1.1" 200 -
::1 - - [24/Jan/2026 20:09:14] "GET /images/nominees/synthetic_dawn.jpg HTTP/1.1" 200 -
::1 - - [24/Jan/2026 20:09:14] "GET /images/nominees/the_last_prompt.jpg HTTP/1.1" 200 -
::1 - - [24/Jan/2026 20:09:14] "GET /js/production-parallax.js HTTP/1.1" 200 -
::1 - - [24/Jan/2026 20:09:14] "GET /js/main.js HTTP/1.1" 200 -
::1 - - [24/Jan/2026 20:09:15] "GET /js/data.js HTTP/1.1" 200 -
::1 - - [24/Jan/2026 20:09:15] "GET /js/email-capture.js HTTP/1.1" 200 -
::1 - - [24/Jan/2026 20:09:15] "GET /js/cta-wiring.js HTTP/1.1" 200 -
::1 - - [24/Jan/2026 20:09:15] "GET /js/mobile-drawer-nav.js HTTP/1.1" 200 -
::1 - - [24/Jan/2026 20:09:15] "GET /js/navbar-scroll.js HTTP/1.1" 200 -
::1 - - [24/Jan/2026 20:09:15] "GET /images/nominees/ghosts_in_the_model.jpg HTTP/1.1" 200 -
::1 - - [24/Jan/2026 20:09:15] "GET /images/nominees/rendered_silence.jpg HTTP/1.1" 200 -
::1 - - [24/Jan/2026 20:09:15] "GET /images/nominees/fragments_of_code.jpg HTTP/1.1" 200 -
::1 - - [24/Jan/2026 20:09:15] "GET /images/nominees/after_the_algorithm.jpg HTTP/1.1" 200 -
::1 - - [24/Jan/2026 20:09:15] "GET /images/nominees/seven_minutes.jpg HTTP/1.1" 200 -
::1 - - [24/Jan/2026 20:09:15] "GET /images/nominees/a_quiet_decision.jpg HTTP/1.1" 200 -
::1 - - [24/Jan/2026 20:09:15] "GET /images/nominees/the_weight_of_yes.jpg HTTP/1.1" 200 -
::1 - - [24/Jan/2026 20:09:15] "GET /images/nominees/still_standing.jpg HTTP/1.1" 200 -
::1 - - [24/Jan/2026 20:09:15] "GET /images/nominees/before_the_call.jpg HTTP/1.1" 200 -
::1 - - [24/Jan/2026 20:09:15] "GET /images/nominees/the_last_room.jpg HTTP/1.1" 200 -
::1 - - [24/Jan/2026 20:09:15] "GET /images/nominees/between_words.jpg HTTP/1.1" 200 -
::1 - - [24/Jan/2026 20:09:15] "GET /images/nominees/built_for_tomorrow.jpg HTTP/1.1" 200 -
::1 - - [24/Jan/2026 20:09:15] "GET /images/nominees/the_first_step.jpg HTTP/1.1" 200 -
::1 - - [24/Jan/2026 20:09:15] "GET /images/nominees/beyond_utility.jpg HTTP/1.1" 200 -
::1 - - [24/Jan/2026 20:09:15] "GET /images/nominees/human_touch.jpg HTTP/1.1" 200 -
::1 - - [24/Jan/2026 20:09:15] "GET /images/nominees/designed_to_last.jpg HTTP/1.1" 200 -
::1 - - [24/Jan/2026 20:09:15] "GET /images/nominees/momentum.jpg HTTP/1.1" 200 -
::1 - - [24/Jan/2026 20:09:15] "GET /images/nominees/what_we_choose.jpg HTTP/1.1" 200 -
::1 - - [24/Jan/2026 20:09:15] "GET /images/nominees/echo_bass.jpg HTTP/1.1" 200 -
::1 - - [24/Jan/2026 20:09:15] "GET /images/nominees/neon_pulse.jpg HTTP/1.1" 200 -
::1 - - [24/Jan/2026 20:09:15] "GET /images/nominees/digital_fever.jpg HTTP/1.1" 200 -
::1 - - [24/Jan/2026 20:09:15] "GET /images/nominees/after_the_beat.jpg HTTP/1.1" 200 -
::1 - - [24/Jan/2026 20:09:15] "GET /images/nominees/frequency_dreams.jpg HTTP/1.1" 200 -
::1 - - [24/Jan/2026 20:09:15] "GET /images/nominees/synthetic_groove.jpg HTTP/1.1" 200 -
::1 - - [24/Jan/2026 20:09:15] "GET /images/nominees/chromatic_noise.jpg HTTP/1.1" 200 -
::1 - - [24/Jan/2026 20:09:15] "GET /js/emergency-override.js HTTP/1.1" 200 -
::1 - - [24/Jan/2026 20:09:15] "GET /images/nominees-bg.jpg HTTP/1.1" 200 -
::1 - - [24/Jan/2026 20:09:15] code 404, message File not found
::1 - - [24/Jan/2026 20:09:15] "GET /favicon.ico HTTP/1.1" 404 -
::1 - - [24/Jan/2026 20:12:30] code 404, message File not found
::1 - - [24/Jan/2026 20:12:30] "GET /.well-known/appspecific/com.chrome.devtools.json HTTP/1.1" 404 -
